[
  {
    "id" : "522f8c1c-c6d4-4cb1-bafb-38b9a08bfb97",
    "prId" : 4649,
    "prUrl" : "https://github.com/root-project/root/pull/4649#pullrequestreview-325320853",
    "prSource" : "GitHub",
    "comments" : [
      {
        "id" : "a47200b6-45b9-435e-ba8c-c1a3fe3db601",
        "parentId" : null,
        "authorId" : "678cc757-c5b5-4f52-b00d-db56d81b988d",
        "body" : "test-stress now fails like \r\n```text\r\n$ ctest -j8 -I \"[0,136,136]\" -V\r\nUpdateCTestConfiguration  from :/Applications/root_build/DartConfiguration.tcl\r\nParse Config file:/Applications/root_build/DartConfiguration.tcl\r\n Add coverage exclude regular expressions.\r\nSetCTestConfiguration:CMakeCommand:/Applications/CMake.app/Contents/bin/cmake\r\nUpdateCTestConfiguration  from :/Applications/root_build/DartConfiguration.tcl\r\nParse Config file:/Applications/root_build/DartConfiguration.tcl\r\nTest project /Applications/root_build\r\nConstructing a list of tests\r\nIgnore test: roottest-cling-parsing-semicolon\r\nDone constructing a list of tests\r\nUpdating test list for fixtures\r\nAdded 0 tests to meet fixture requirements\r\nChecking test dependency graph...\r\nChecking test dependency graph end\r\ntest 136\r\n    Start 136: test-stress\r\n\r\n136: Test command: /Applications/CMake.app/Contents/bin/cmake \"-DCMD=/Applications/root_build/test/stress^-b\" \"-DSYS=/Applications/root_build\" \"-P\" \"/Applications/root_build/RootTestDriver.cmake\"\r\n136: Environment variables: \r\n136:  ROOT_HIST=0\r\n136: Test timeout computed to be: 1500\r\n136: ******************************************************************\r\n136: *  Starting  R O O T - S T R E S S test suite with 1000 events\r\n136: ******************************************************************\r\n136: Test  1 : Functions, Random Numbers, Histogram Fits............. OK\r\n136: Test  2 : Check size & compression factor of a Root file........ OK\r\n136: Test  3 : Purge, Reuse of gaps in TFile......................... OK\r\n136: Test  4 : Test of 2-d histograms, functions, 2-d fits........... OK\r\n136: Test  5 : Test graphics & Postscript............................ OK\r\n136: Test  6 : Test subdirectories in a Root file.................... OK\r\n136: Test  7 : TNtuple, selections, TCut, TCutG, TEventList.......... OK\r\n136: Test  8 : Trees split and compression modes..................... OK\r\n136: Test  9 : Analyze Event.root file of stress 8................... OK\r\n136: Test 10 : Create 10 files starting from Event.root.............. OK\r\n136: Test 11 : Test chains of Trees using the 10 files............... Error in <TDirectoryFile::mkdir>: An object with name daughterdir exists already\r\n136: OK\r\n136: Test 12 : Compare histograms of test 9 and 11................... OK\r\n136: Test 13 : Test merging files of a chain......................... OK\r\n136: Test 14 : Check correct rebuilt of Event.root in test 13........ OK\r\n136: Test 15 : Divert Tree branches to separate files................ OK\r\n136: Test 16 : CINT test (3 nested loops) with LHCb trigger.......... OK\r\n136: Test 17 : Test mkdir............................................ OK\r\n136: ******************************************************************\r\n136: *  SYS: Darwin Michaels-MacBook-Pro.local 19.0.0 Darwin Kernel Versi\r\n136: *  SYS: 10.15.1 Mac OS X \r\n136: ******************************************************************\r\n136: stress    : Total I/O =  556.5 Mbytes, I =  408.2, O = 148.3\r\n136: stress    : Compr I/O =  384.8 Mbytes, I =  280.2, O = 104.5\r\n136: stress    : Real Time =  30.10 seconds Cpu Time =  19.66 seconds\r\n136: ******************************************************************\r\n136: *  ROOTMARKS =1888.5   *  Root6.19/01   20190529/1059\r\n136: ******************************************************************\r\n1/1 Test #136: test-stress ......................***Failed  Error regular expression found in output. Regex=[FAILED|Error in] 30.74 sec\r\n\r\n0% tests passed, 1 tests failed out of 1\r\n\r\nLabel Time Summary:\r\nlongtest    =  30.74 sec*proc (1 test)\r\n\r\nTotal Test time (real) =  32.63 sec\r\n\r\nThe following tests FAILED:\r\n\t136 - test-stress (Failed)\r\nErrors while running CTest\r\n```\r\n@pcanal Do you have any ideas what's causing this? I don't see anything in my added code that could be causing it.",
        "createdAt" : "2019-12-02T14:53:28Z",
        "updatedAt" : "2019-12-02T17:26:58Z",
        "lastEditedBy" : "678cc757-c5b5-4f52-b00d-db56d81b988d",
        "tags" : [
        ]
      },
      {
        "id" : "58ff4fb0-c9cf-4c5c-b037-22a4de475e14",
        "parentId" : "a47200b6-45b9-435e-ba8c-c1a3fe3db601",
        "authorId" : "335eabbd-4b70-43fb-a046-bf82995f5dd3",
        "body" : "Technically, it complains because:\r\n```\r\n136: Test 11 : Test chains of Trees using the 10 files............... Error in <TDirectoryFile::mkdir>: An object with name daughterdir exists already\r\n136: OK\r\n```",
        "createdAt" : "2019-12-02T15:07:45Z",
        "updatedAt" : "2019-12-02T17:26:58Z",
        "lastEditedBy" : "335eabbd-4b70-43fb-a046-bf82995f5dd3",
        "tags" : [
        ]
      },
      {
        "id" : "73a15b51-d648-4059-ba17-fc4f19200793",
        "parentId" : "a47200b6-45b9-435e-ba8c-c1a3fe3db601",
        "authorId" : "335eabbd-4b70-43fb-a046-bf82995f5dd3",
        "body" : "i.e. the 'stress' example is not allowed to issue any error message.",
        "createdAt" : "2019-12-02T15:08:22Z",
        "updatedAt" : "2019-12-02T17:26:58Z",
        "lastEditedBy" : "335eabbd-4b70-43fb-a046-bf82995f5dd3",
        "tags" : [
        ]
      },
      {
        "id" : "2eb2e6f2-6115-45b3-9236-ec52f3a37d5a",
        "parentId" : "a47200b6-45b9-435e-ba8c-c1a3fe3db601",
        "authorId" : "335eabbd-4b70-43fb-a046-bf82995f5dd3",
        "body" : "Rather than extending test/stress is might be better to add an individual test under io/io/test",
        "createdAt" : "2019-12-02T15:09:18Z",
        "updatedAt" : "2019-12-02T17:26:58Z",
        "lastEditedBy" : "335eabbd-4b70-43fb-a046-bf82995f5dd3",
        "tags" : [
        ]
      },
      {
        "id" : "df5eab50-3349-4ff4-80a5-d2fb054ab4b2",
        "parentId" : "a47200b6-45b9-435e-ba8c-c1a3fe3db601",
        "authorId" : "678cc757-c5b5-4f52-b00d-db56d81b988d",
        "body" : "Ah, I see. Thanks. I dropped the `daughternull` check, which, after all, is designed to produce an error, and it works fine now. I think this is a sufficient test, but if you disagree or strongly prefer it in the io/io/test directory, let me know.",
        "createdAt" : "2019-12-02T15:29:46Z",
        "updatedAt" : "2019-12-02T17:26:58Z",
        "lastEditedBy" : "678cc757-c5b5-4f52-b00d-db56d81b988d",
        "tags" : [
        ]
      }
    ],
    "commit" : "89894b3b84d6b812ac78f10c97c66bea29a540c6",
    "line" : 75,
    "diffHunk" : "@@ -1,1 +1637,1641 @@   if (gPrintSubBench) { printf(\"Test 17 : \"); gBenchmark->Show(\"stress\");gBenchmark->Start(\"stress\"); }\n}\n\nvoid cleanup()\n{"
  }
]