[
  {
    "id" : "ba103ee3-bc49-473d-8e2e-44f85a90866b",
    "prId" : 9030,
    "prUrl" : "https://github.com/apache/airflow/pull/9030#pullrequestreview-422246300",
    "prSource" : "GitHub",
    "comments" : [
      {
        "id" : "c6abfdbe-32b7-45ba-81a7-2c79f9c00881",
        "parentId" : null,
        "authorId" : "07638d17-cc8b-40a4-abdc-7b39759362ab",
        "body" : "We may have data from another run.",
        "createdAt" : "2020-06-01T23:28:09Z",
        "updatedAt" : "2020-06-01T23:28:10Z",
        "lastEditedBy" : "07638d17-cc8b-40a4-abdc-7b39759362ab",
        "tags" : [
        ]
      }
    ],
    "commit" : "274a71e1bb881825f4bd1af5bf6b39e604e24b16",
    "line" : 7,
    "diffHunk" : "@@ -1,1 +173,177 @@        task2 = dag2.get_task(task_id='print_the_context')\n        defaut_date2 = timezone.make_aware(datetime(2016, 1, 9))\n        dag2.clear()\n\n        ti2 = TaskInstance(task2, defaut_date2)"
  },
  {
    "id" : "0e24aff6-15e0-42cb-baf5-3b375156fc49",
    "prId" : 9030,
    "prUrl" : "https://github.com/apache/airflow/pull/9030#pullrequestreview-422246511",
    "prSource" : "GitHub",
    "comments" : [
      {
        "id" : "bc447ee8-4b5d-45a2-b8a2-3337baec7613",
        "parentId" : null,
        "authorId" : "07638d17-cc8b-40a4-abdc-7b39759362ab",
        "body" : "On the console, we have action_logger logs too.",
        "createdAt" : "2020-06-01T23:28:47Z",
        "updatedAt" : "2020-06-01T23:28:48Z",
        "lastEditedBy" : "07638d17-cc8b-40a4-abdc-7b39759362ab",
        "tags" : [
        ]
      }
    ],
    "commit" : "274a71e1bb881825f4bd1af5bf6b39e604e24b16",
    "line" : 17,
    "diffHunk" : "@@ -1,1 +203,207 @@\n        # Check that prints, and log messages, are shown\n        self.assertIn(expected.replace(\"\\n\", \"\"), actual_out.replace(\"\\n\", \"\"))\n\n    def test_subdag_clear(self):"
  },
  {
    "id" : "d4ec0c27-1b11-4fb9-b42e-fd503831f273",
    "prId" : 12704,
    "prUrl" : "https://github.com/apache/airflow/pull/12704#pullrequestreview-542422826",
    "prSource" : "GitHub",
    "comments" : [
      {
        "id" : "ea64e2c1-e7e3-4f38-b55c-f243dfb10cf8",
        "parentId" : null,
        "authorId" : "c25957e2-1132-4c48-a536-3824307fd862",
        "body" : "Can this be removed, looks like tests are passing",
        "createdAt" : "2020-12-01T21:58:27Z",
        "updatedAt" : "2020-12-01T23:25:31Z",
        "lastEditedBy" : "c25957e2-1132-4c48-a536-3824307fd862",
        "tags" : [
        ]
      },
      {
        "id" : "447e6ad7-57ee-4066-b1ce-20bffb700bf4",
        "parentId" : "ea64e2c1-e7e3-4f38-b55c-f243dfb10cf8",
        "authorId" : "0d4fd7c4-f8ab-4371-acfe-b9cca6decaf5",
        "body" : "That's the problem - they don't work locally when triggered without whole test suite. I plan to create an issue once this get merged so I can reference those comments. ",
        "createdAt" : "2020-12-01T23:24:00Z",
        "updatedAt" : "2020-12-01T23:25:31Z",
        "lastEditedBy" : "0d4fd7c4-f8ab-4371-acfe-b9cca6decaf5",
        "tags" : [
        ]
      },
      {
        "id" : "9e4c8ebc-1c20-4e49-94c5-23263f3d34f4",
        "parentId" : "ea64e2c1-e7e3-4f38-b55c-f243dfb10cf8",
        "authorId" : "c25957e2-1132-4c48-a536-3824307fd862",
        "body" : "I can test that and fix it if that is the case in a separate PR",
        "createdAt" : "2020-12-01T23:40:02Z",
        "updatedAt" : "2020-12-01T23:40:03Z",
        "lastEditedBy" : "c25957e2-1132-4c48-a536-3824307fd862",
        "tags" : [
        ]
      },
      {
        "id" : "85cba567-a978-4e57-b4f9-1dc9588f95a1",
        "parentId" : "ea64e2c1-e7e3-4f38-b55c-f243dfb10cf8",
        "authorId" : "0d4fd7c4-f8ab-4371-acfe-b9cca6decaf5",
        "body" : "> I can test that and fix it if that is the case in a separate PR\r\n\r\nThanks for helping! The problems I observed:\r\n```\r\nroot@01658a8a09d3:/opt/airflow# pytest -s tests/cli/commands/test_task_command.py\r\n...\r\n============================================================================================= short test summary info ==============================================================================================\r\nSKIPPED [1] tests/conftest.py:313: The test is skipped because it has quarantined marker. And --include-quarantined flag is passed to pytest. <TestCaseFunction test_local_run>\r\nFAILED tests/cli/commands/test_task_command.py::TestCliTasks::test_cli_list_tasks - airflow.exceptions.AirflowException: dag_id could not be found: example_bash_operator. Either the dag did not exist or it fai...\r\nFAILED tests/cli/commands/test_task_command.py::TestCliTasks::test_cli_run - airflow.exceptions.AirflowException: dag_id could not be found: example_bash_operator. Either the dag did not exist or it failed to ...\r\nFAILED tests/cli/commands/test_task_command.py::TestCliTasks::test_cli_run_invalid_raw_option_0__ignore_all_dependencies - AssertionError: \"Option --raw does not work with some of the other options on this com...\r\nFAILED tests/cli/commands/test_task_command.py::TestCliTasks::test_cli_run_invalid_raw_option_1__ignore_depends_on_past - AssertionError: \"Option --raw does not work with some of the other options on this comm...\r\nFAILED tests/cli/commands/test_task_command.py::TestCliTasks::test_cli_run_invalid_raw_option_2__ignore_dependencies - AssertionError: \"Option --raw does not work with some of the other options on this command...\r\nFAILED tests/cli/commands/test_task_command.py::TestCliTasks::test_cli_run_invalid_raw_option_3__force - AssertionError: \"Option --raw does not work with some of the other options on this command.\" does not ma...\r\nFAILED tests/cli/commands/test_task_command.py::TestCliTasks::test_cli_run_mutually_exclusive - AssertionError: \"Option --raw and --local are mutually exclusive.\" does not match \"dag_id could not be found: exa...\r\nFAILED tests/cli/commands/test_task_command.py::TestCliTasks::test_cli_test - airflow.exceptions.AirflowException: dag_id could not be found: example_bash_operator. Either the dag did not exist or it failed to...\r\nFAILED tests/cli/commands/test_task_command.py::TestCliTasks::test_cli_test_with_env_vars - airflow.exceptions.AirflowException: dag_id could not be found: example_passing_params_via_test_command. Either the d...\r\nFAILED tests/cli/commands/test_task_command.py::TestCliTasks::test_cli_test_with_params - airflow.exceptions.AirflowException: dag_id could not be found: example_passing_params_via_test_command. Either the dag...\r\nFAILED tests/cli/commands/test_task_command.py::TestCliTasks::test_parentdag_downstream_clear - airflow.exceptions.AirflowException: dag_id could not be found: example_subdag_operator.section-1. Either the dag...\r\nFAILED tests/cli/commands/test_task_command.py::TestCliTasks::test_subdag_clear - airflow.exceptions.AirflowException: dag_id could not be found: example_subdag_operator. Either the dag did not exist or it fai...\r\nFAILED tests/cli/commands/test_task_command.py::TestCliTasks::test_task_state - airflow.exceptions.AirflowException: dag_id could not be found: example_bash_operator. Either the dag did not exist or it failed ...\r\nFAILED tests/cli/commands/test_task_command.py::TestCliTasks::test_task_states_for_dag_run - KeyError: 'example_python_operator'\r\nFAILED tests/cli/commands/test_task_command.py::TestCliTasks::test_test - airflow.exceptions.AirflowException: dag_id could not be found: example_python_operator. Either the dag did not exist or it failed to p...\r\nFAILED tests/cli/commands/test_task_command.py::TestLogsfromTaskRunCommand::test_logging_with_run_task - AssertionError: 2 != 1\r\n=============================================================================== 16 failed, 6 passed, 1 skipped, 1 warning in 41.37s ================================================================================\r\n```\r\n\r\nThis is what I get using brezee and current main branch. ",
        "createdAt" : "2020-12-01T23:49:53Z",
        "updatedAt" : "2020-12-01T23:49:54Z",
        "lastEditedBy" : "0d4fd7c4-f8ab-4371-acfe-b9cca6decaf5",
        "tags" : [
        ]
      },
      {
        "id" : "a04ba633-1203-4b0b-8037-4cf0365d6bee",
        "parentId" : "ea64e2c1-e7e3-4f38-b55c-f243dfb10cf8",
        "authorId" : "c25957e2-1132-4c48-a536-3824307fd862",
        "body" : "Weird:\r\n\r\n```\r\n❯ ./breeze --python 3.6 --backend postgres --db-reset\r\n===============================================================================================\r\n             Checking integrations and backends\r\n===============================================================================================\r\nPostgreSQL: OK.\r\n-----------------------------------------------------------------------------------------------\r\n-----------------------------------------------------------------------------------------------\r\n\r\nResetting the DB\r\n\r\nDB: postgresql+psycopg2://postgres:***@postgres/airflow\r\n[2020-12-02 01:05:00,245] {db.py:619} INFO - Dropping tables that exist\r\n[2020-12-02 01:05:00,553] {migration.py:155} INFO - Context impl PostgresqlImpl.\r\n[2020-12-02 01:05:00,554] {migration.py:162} INFO - Will assume transactional DDL.\r\n[2020-12-02 01:05:00,968] {db.py:609} INFO - Creating tables\r\nINFO  [alembic.runtime.migration] Context impl PostgresqlImpl.\r\nINFO  [alembic.runtime.migration] Will assume transactional DDL.\r\nINFO  [alembic.runtime.migration] Running upgrade  -> e3a246e0dc1, current schema\r\nINFO  [alembic.runtime.migration] Running upgrade e3a246e0dc1 -> 1507a7289a2f, create is_encrypted\r\nINFO  [alembic.runtime.migration] Running upgrade 1507a7289a2f -> 13eb55f81627, maintain history for compatibility with earlier migrations\r\nINFO  [alembic.runtime.migration] Running upgrade 13eb55f81627 -> 338e90f54d61, More logging into task_instance\r\nINFO  [alembic.runtime.migration] Running upgrade 338e90f54d61 -> 52d714495f0, job_id indices\r\nINFO  [alembic.runtime.migration] Running upgrade 52d714495f0 -> 502898887f84, Adding extra to Log\r\nINFO  [alembic.runtime.migration] Running upgrade 502898887f84 -> 1b38cef5b76e, add dagrun\r\nINFO  [alembic.runtime.migration] Running upgrade 1b38cef5b76e -> 2e541a1dcfed, task_duration\r\nINFO  [alembic.runtime.migration] Running upgrade 2e541a1dcfed -> 40e67319e3a9, dagrun_config\r\nINFO  [alembic.runtime.migration] Running upgrade 40e67319e3a9 -> 561833c1c74b, add password column to user\r\nINFO  [alembic.runtime.migration] Running upgrade 561833c1c74b -> 4446e08588, dagrun start end\r\nINFO  [alembic.runtime.migration] Running upgrade 4446e08588 -> bbc73705a13e, Add notification_sent column to sla_miss\r\nINFO  [alembic.runtime.migration] Running upgrade bbc73705a13e -> bba5a7cfc896, Add a column to track the encryption state of the 'Extra' field in connection\r\nINFO  [alembic.runtime.migration] Running upgrade bba5a7cfc896 -> 1968acfc09e3, add is_encrypted column to variable table\r\nINFO  [alembic.runtime.migration] Running upgrade 1968acfc09e3 -> 2e82aab8ef20, rename user table\r\nINFO  [alembic.runtime.migration] Running upgrade 2e82aab8ef20 -> 211e584da130, add TI state index\r\nINFO  [alembic.runtime.migration] Running upgrade 211e584da130 -> 64de9cddf6c9, add task fails journal table\r\nINFO  [alembic.runtime.migration] Running upgrade 64de9cddf6c9 -> f2ca10b85618, add dag_stats table\r\nINFO  [alembic.runtime.migration] Running upgrade f2ca10b85618 -> 4addfa1236f1, Add fractional seconds to mysql tables\r\nINFO  [alembic.runtime.migration] Running upgrade 4addfa1236f1 -> 8504051e801b, xcom dag task indices\r\nINFO  [alembic.runtime.migration] Running upgrade 8504051e801b -> 5e7d17757c7a, add pid field to TaskInstance\r\nINFO  [alembic.runtime.migration] Running upgrade 5e7d17757c7a -> 127d2bf2dfa7, Add dag_id/state index on dag_run table\r\nINFO  [alembic.runtime.migration] Running upgrade 127d2bf2dfa7 -> cc1e65623dc7, add max tries column to task instance\r\nINFO  [alembic.runtime.migration] Running upgrade cc1e65623dc7 -> bdaa763e6c56, Make xcom value column a large binary\r\nINFO  [alembic.runtime.migration] Running upgrade bdaa763e6c56 -> 947454bf1dff, add ti job_id index\r\nINFO  [alembic.runtime.migration] Running upgrade 947454bf1dff -> d2ae31099d61, Increase text size for MySQL (not relevant for other DBs' text types)\r\nINFO  [alembic.runtime.migration] Running upgrade d2ae31099d61 -> 0e2a74e0fc9f, Add time zone awareness\r\nINFO  [alembic.runtime.migration] Running upgrade d2ae31099d61 -> 33ae817a1ff4, kubernetes_resource_checkpointing\r\nINFO  [alembic.runtime.migration] Running upgrade 33ae817a1ff4 -> 27c6a30d7c24, kubernetes_resource_checkpointing\r\nINFO  [alembic.runtime.migration] Running upgrade 27c6a30d7c24 -> 86770d1215c0, add kubernetes scheduler uniqueness\r\nINFO  [alembic.runtime.migration] Running upgrade 86770d1215c0, 0e2a74e0fc9f -> 05f30312d566, merge heads\r\nINFO  [alembic.runtime.migration] Running upgrade 05f30312d566 -> f23433877c24, fix mysql not null constraint\r\nINFO  [alembic.runtime.migration] Running upgrade f23433877c24 -> 856955da8476, fix sqlite foreign key\r\nINFO  [alembic.runtime.migration] Running upgrade 856955da8476 -> 9635ae0956e7, index-faskfail\r\nINFO  [alembic.runtime.migration] Running upgrade 9635ae0956e7 -> dd25f486b8ea, add idx_log_dag\r\nINFO  [alembic.runtime.migration] Running upgrade dd25f486b8ea -> bf00311e1990, add index to taskinstance\r\nINFO  [alembic.runtime.migration] Running upgrade 9635ae0956e7 -> 0a2a5b66e19d, add task_reschedule table\r\nINFO  [alembic.runtime.migration] Running upgrade 0a2a5b66e19d, bf00311e1990 -> 03bc53e68815, merge_heads_2\r\nINFO  [alembic.runtime.migration] Running upgrade 03bc53e68815 -> 41f5f12752f8, add superuser field\r\nINFO  [alembic.runtime.migration] Running upgrade 41f5f12752f8 -> c8ffec048a3b, add fields to dag\r\nINFO  [alembic.runtime.migration] Running upgrade c8ffec048a3b -> dd4ecb8fbee3, Add schedule interval to dag\r\nINFO  [alembic.runtime.migration] Running upgrade dd4ecb8fbee3 -> 939bb1e647c8, task reschedule fk on cascade delete\r\nINFO  [alembic.runtime.migration] Running upgrade 939bb1e647c8 -> 6e96a59344a4, Make TaskInstance.pool not nullable\r\nINFO  [alembic.runtime.migration] Running upgrade 6e96a59344a4 -> d38e04c12aa2, add serialized_dag table\r\nINFO  [alembic.runtime.migration] Running upgrade d38e04c12aa2 -> b3b105409875, add root_dag_id to DAG\r\nINFO  [alembic.runtime.migration] Running upgrade 6e96a59344a4 -> 74effc47d867, change datetime to datetime2(6) on MSSQL tables\r\nINFO  [alembic.runtime.migration] Running upgrade 939bb1e647c8 -> 004c1210f153, increase queue name size limit\r\nINFO  [alembic.runtime.migration] Running upgrade c8ffec048a3b -> a56c9515abdc, Remove dag_stat table\r\nINFO  [alembic.runtime.migration] Running upgrade a56c9515abdc, 004c1210f153, 74effc47d867, b3b105409875 -> 08364691d074, Merge the four heads back together\r\nINFO  [alembic.runtime.migration] Running upgrade 08364691d074 -> fe461863935f, increase_length_for_connection_password\r\nINFO  [alembic.runtime.migration] Running upgrade fe461863935f -> 7939bcff74ba, Add DagTags table\r\nINFO  [alembic.runtime.migration] Running upgrade 7939bcff74ba -> a4c2fd67d16b, add pool_slots field to task_instance\r\nINFO  [alembic.runtime.migration] Running upgrade a4c2fd67d16b -> 852ae6c715af, Add RenderedTaskInstanceFields table\r\nINFO  [alembic.runtime.migration] Running upgrade 852ae6c715af -> 952da73b5eff, add dag_code table\r\nINFO  [alembic.runtime.migration] Running upgrade 952da73b5eff -> a66efa278eea, Add Precision to execution_date in RenderedTaskInstanceFields table\r\nINFO  [alembic.runtime.migration] Running upgrade a66efa278eea -> cf5dc11e79ad, drop_user_and_chart\r\nINFO  [alembic.runtime.migration] Running upgrade cf5dc11e79ad -> bbf4a7ad0465, Remove id column from xcom\r\nINFO  [alembic.runtime.migration] Running upgrade bbf4a7ad0465 -> b25a55525161, Increase length of pool name\r\nINFO  [alembic.runtime.migration] Running upgrade b25a55525161 -> 3c20cacc0044, Add DagRun run_type\r\nINFO  [alembic.runtime.migration] Running upgrade 3c20cacc0044 -> 8f966b9c467a, Set conn_type as non-nullable\r\nINFO  [alembic.runtime.migration] Running upgrade 8f966b9c467a -> 8d48763f6d53, add unique constraint to conn_id\r\nINFO  [alembic.runtime.migration] Running upgrade 8d48763f6d53 -> da3f683c3a5a, Add dag_hash Column to serialized_dag table\r\nINFO  [alembic.runtime.migration] Running upgrade da3f683c3a5a -> 92c57b58940d, Create FAB Tables\r\nINFO  [alembic.runtime.migration] Running upgrade 92c57b58940d -> 03afc6b6f902, Increase length of FAB ab_view_menu.name column\r\nINFO  [alembic.runtime.migration] Running upgrade 03afc6b6f902 -> e38be357a868, Add sensor_instance table\r\nINFO  [alembic.runtime.migration] Running upgrade e38be357a868 -> b247b1e3d1ed, Add queued by Job ID to TI\r\nINFO  [alembic.runtime.migration] Running upgrade b247b1e3d1ed -> e1a11ece99cc, Add external executor ID to TI\r\nINFO  [alembic.runtime.migration] Running upgrade e1a11ece99cc -> bef4f3d11e8b, Drop KubeResourceVersion and KubeWorkerId\r\nINFO  [alembic.runtime.migration] Running upgrade bef4f3d11e8b -> 98271e7606e2, Add scheduling_decision to DagRun and DAG\r\nINFO  [alembic.runtime.migration] Running upgrade 98271e7606e2 -> 52d53670a240, fix_mssql_exec_date_rendered_task_instance_fields_for_MSSQL\r\nINFO  [alembic.runtime.migration] Running upgrade 52d53670a240 -> 364159666cbd, Add creating_job_id to DagRun table\r\nINFO  [alembic.runtime.migration] Running upgrade 364159666cbd -> 45ba3f1493b9, add-k8s-yaml-to-rendered-templates\r\nINFO  [alembic.runtime.migration] Running upgrade 45ba3f1493b9 -> 849da589634d, Prefix DAG permissions.\r\n[2020-12-02 01:05:05,538] {manager.py:727} WARNING - No user yet created, use flask fab command to do it.\r\nroot@34129b165f1a:/opt/airflow# pytest tests/cli/commands/test_task_command.py::TestCliTasks\r\n==================================================================================================================== test session starts =====================================================================================================================\r\nplatform linux -- Python 3.6.12, pytest-6.1.2, py-1.9.0, pluggy-0.13.1 -- /usr/local/bin/python\r\ncachedir: .pytest_cache\r\nrootdir: /opt/airflow, configfile: pytest.ini\r\nplugins: forked-1.3.0, timeouts-1.2.1, cov-2.10.1, celery-4.4.7, flaky-3.7.0, xdist-2.1.0, instafail-0.4.2, requests-mock-1.8.0, rerunfailures-9.1.1\r\nsetup timeout: 0.0s, execution timeout: 0.0s, teardown timeout: 0.0s\r\ncollected 17 items\r\n\r\ntests/cli/commands/test_task_command.py::TestCliTasks::test_cli_list_tasks PASSED                                                                                                                                                                      [  5%]\r\ntests/cli/commands/test_task_command.py::TestCliTasks::test_cli_run PASSED                                                                                                                                                                             [ 11%]\r\ntests/cli/commands/test_task_command.py::TestCliTasks::test_cli_run_invalid_raw_option_0__ignore_all_dependencies PASSED                                                                                                                               [ 17%]\r\ntests/cli/commands/test_task_command.py::TestCliTasks::test_cli_run_invalid_raw_option_1__ignore_depends_on_past PASSED                                                                                                                                [ 23%]\r\ntests/cli/commands/test_task_command.py::TestCliTasks::test_cli_run_invalid_raw_option_2__ignore_dependencies PASSED                                                                                                                                   [ 29%]\r\ntests/cli/commands/test_task_command.py::TestCliTasks::test_cli_run_invalid_raw_option_3__force PASSED                                                                                                                                                 [ 35%]\r\ntests/cli/commands/test_task_command.py::TestCliTasks::test_cli_run_mutually_exclusive PASSED                                                                                                                                                          [ 41%]\r\ntests/cli/commands/test_task_command.py::TestCliTasks::test_cli_test PASSED                                                                                                                                                                            [ 47%]\r\ntests/cli/commands/test_task_command.py::TestCliTasks::test_cli_test_with_env_vars PASSED                                                                                                                                                              [ 52%]\r\ntests/cli/commands/test_task_command.py::TestCliTasks::test_cli_test_with_params PASSED                                                                                                                                                                [ 58%]\r\ntests/cli/commands/test_task_command.py::TestCliTasks::test_local_run SKIPPED                                                                                                                                                                          [ 64%]\r\ntests/cli/commands/test_task_command.py::TestCliTasks::test_parentdag_downstream_clear PASSED                                                                                                                                                          [ 70%]\r\ntests/cli/commands/test_task_command.py::TestCliTasks::test_run_naive_taskinstance PASSED                                                                                                                                                              [ 76%]\r\ntests/cli/commands/test_task_command.py::TestCliTasks::test_subdag_clear PASSED                                                                                                                                                                        [ 82%]\r\ntests/cli/commands/test_task_command.py::TestCliTasks::test_task_state PASSED                                                                                                                                                                          [ 88%]\r\ntests/cli/commands/test_task_command.py::TestCliTasks::test_task_states_for_dag_run PASSED                                                                                                                                                             [ 94%]\r\ntests/cli/commands/test_task_command.py::TestCliTasks::test_test PASSED                                                                                                                                                                                [100%]\r\n\r\n====================================================================================================================== warnings summary ======================================================================================================================\r\ntests/cli/commands/test_task_command.py::TestCliTasks::test_cli_list_tasks\r\n  /usr/local/lib/python3.6/importlib/_bootstrap.py:219: RuntimeWarning: numpy.ufunc size changed, may indicate binary incompatibility. Expected 192 from C header, got 216 from PyObject\r\n    return f(*args, **kwds)\r\n\r\ntests/cli/commands/test_task_command.py::TestCliTasks::test_cli_list_tasks\r\n  /usr/local/lib/python3.6/site-packages/sqlalchemy/sql/sqltypes.py:271: SAWarning: Unicode type received non-unicode bind param value \"b'# -*- coding: utf-8 -*-\\\\n#'...\". (this warning may be suppressed after 10 occurrences)\r\n    (util.ellipses_string(value),),\r\n\r\ntests/cli/commands/test_task_command.py::TestCliTasks::test_parentdag_downstream_clear\r\n  /opt/airflow/airflow/models/dag.py:1195: DeprecationWarning: This method is deprecated and will be removed in a future version. Please use partial_subset\r\n    include_downstream=True,\r\n\r\n-- Docs: https://docs.pytest.org/en/stable/warnings.html\r\n================================================================================================================== short test summary info ===================================================================================================================\r\nSKIPPED [1] tests/conftest.py:313: The test is skipped because it has quarantined marker. And --include-quarantined flag is passed to pytest. <TestCaseFunction test_local_run>\r\n=================================================================================================== 16 passed, 1 skipped, 3 warnings in 165.93s (0:02:45) ====================================================================================================\r\n```",
        "createdAt" : "2020-12-02T01:09:08Z",
        "updatedAt" : "2020-12-02T01:09:34Z",
        "lastEditedBy" : "c25957e2-1132-4c48-a536-3824307fd862",
        "tags" : [
        ]
      }
    ],
    "commit" : "261ab74ea85dbc58cfbb1747f04be35945a78802",
    "line" : 20,
    "diffHunk" : "@@ -1,1 +56,60 @@\n\n# TODO: Check if tests needs side effects - locally there's missing DAG\nclass TestCliTasks(unittest.TestCase):\n    @classmethod"
  },
  {
    "id" : "0551becc-10c3-410b-ba55-b8519d8d4591",
    "prId" : 16030,
    "prUrl" : "https://github.com/apache/airflow/pull/16030#pullrequestreview-673444761",
    "prSource" : "GitHub",
    "comments" : [
      {
        "id" : "7fe518b6-3a7e-40a3-b7b3-c0a09892247d",
        "parentId" : null,
        "authorId" : "a5092e56-4956-45ec-9914-ecec6b63df73",
        "body" : "We should also call this on `tearDown()` to keep things tidy for other tests.",
        "createdAt" : "2021-06-01T18:23:04Z",
        "updatedAt" : "2021-06-01T18:23:31Z",
        "lastEditedBy" : "a5092e56-4956-45ec-9914-ecec6b63df73",
        "tags" : [
        ]
      }
    ],
    "commit" : "df6293b3f921951dc74e70e3a2c61326e7b01f44",
    "line" : 4,
    "diffHunk" : "@@ -1,1 +63,67 @@        cls.dagbag = DagBag(include_examples=True)\n        cls.parser = cli_parser.get_parser()\n        clear_db_runs()\n\n    def tearDown(self) -> None:"
  },
  {
    "id" : "dcb3f180-0f14-4ffa-8eb4-77a24837cdb5",
    "prId" : 16030,
    "prUrl" : "https://github.com/apache/airflow/pull/16030#pullrequestreview-674145876",
    "prSource" : "GitHub",
    "comments" : [
      {
        "id" : "bfd5d95f-027d-4984-856c-2c7372fb1cf3",
        "parentId" : null,
        "authorId" : "a5092e56-4956-45ec-9914-ecec6b63df73",
        "body" : "I think this should be `tearDown` not `tearDownClass` because we don’t want the DAG runs to carry over to other tests in the same class.",
        "createdAt" : "2021-06-02T12:41:48Z",
        "updatedAt" : "2021-06-02T12:41:48Z",
        "lastEditedBy" : "a5092e56-4956-45ec-9914-ecec6b63df73",
        "tags" : [
        ]
      }
    ],
    "commit" : "df6293b3f921951dc74e70e3a2c61326e7b01f44",
    "line" : 7,
    "diffHunk" : "@@ -1,1 +66,70 @@\n    def tearDown(self) -> None:\n        clear_db_runs()\n\n    def test_cli_list_tasks(self):"
  }
]